[    0.000000] Linux version 4.15.0-173-generic (buildd@lcy02-amd64-094) (gcc version 7.5.0 (Ubuntu 7.5.0-3ubuntu1~18.04)) #182-Ubuntu SMP Fri Mar 18 15:53:46 UTC 2022 (Ubuntu 4.15.0-173.182-generic 4.15.18)
[    0.000000] Command line: BOOT_IMAGE=/boot/vmlinuz-4.15.0-173-generic root=LABEL=cloudimg-rootfs ro console=tty1 console=ttyS0
[    0.000000] KERNEL supported cpus:
[    0.000000]   Intel GenuineIntel
[    0.000000]   AMD AuthenticAMD
[    0.000000]   Centaur CentaurHauls
[    0.000000] x86/fpu: Supporting XSAVE feature 0x001: 'x87 floating point registers'
[    0.000000] x86/fpu: Supporting XSAVE feature 0x002: 'SSE registers'
[    0.000000] x86/fpu: Supporting XSAVE feature 0x004: 'AVX registers'
[    0.000000] x86/fpu: xstate_offset[2]:  576, xstate_sizes[2]:  256
[    0.000000] x86/fpu: Enabled xstate features 0x7, context size is 832 bytes, using 'standard' format.
[    0.000000] e820: BIOS-provided physical RAM map:
[    0.000000] BIOS-e820: [mem 0x0000000000000000-0x000000000009fbff] usable
[    0.000000] BIOS-e820: [mem 0x000000000009fc00-0x000000000009ffff] reserved
[    0.000000] BIOS-e820: [mem 0x00000000000f0000-0x00000000000fffff] reserved
[    0.000000] BIOS-e820: [mem 0x0000000000100000-0x00000000445effff] usable
[    0.000000] BIOS-e820: [mem 0x00000000445f0000-0x00000000445fffff] ACPI data
[    0.000000] BIOS-e820: [mem 0x00000000fec00000-0x00000000fec00fff] reserved
[    0.000000] BIOS-e820: [mem 0x00000000fee00000-0x00000000fee00fff] reserved
[    0.000000] BIOS-e820: [mem 0x00000000fffc0000-0x00000000ffffffff] reserved
[    0.000000] NX (Execute Disable) protection: active
[    0.000000] SMBIOS 2.5 present.
[    0.000000] DMI: innotek GmbH VirtualBox/VirtualBox, BIOS VirtualBox 12/01/2006
[    0.000000] Hypervisor detected: KVM
[    0.000000] e820: last_pfn = 0x445f0 max_arch_pfn = 0x400000000
[    0.000000] MTRR: Disabled
[    0.000000] x86/PAT: MTRRs disabled, skipping PAT initialization too.
[    0.000000] CPU MTRRs all blank - virtualized system.
[    0.000000] x86/PAT: Configuration [0-7]: WB  WT  UC- UC  WB  WT  UC- UC  
[    0.000000] found SMP MP-table at [mem 0x0009fff0-0x0009ffff]
[    0.000000] Scanning 1 areas for low memory corruption
[    0.000000] RAMDISK: [mem 0x359cb000-0x36cdcfff]
[    0.000000] ACPI: Early table checksum verification disabled
[    0.000000] ACPI: RSDP 0x00000000000E0000 000024 (v02 VBOX  )
[    0.000000] ACPI: XSDT 0x00000000445F0030 00003C (v01 VBOX   VBOXXSDT 00000001 ASL  00000061)
[    0.000000] ACPI: FACP 0x00000000445F00F0 0000F4 (v04 VBOX   VBOXFACP 00000001 ASL  00000061)
[    0.000000] ACPI: DSDT 0x00000000445F0470 002325 (v02 VBOX   VBOXBIOS 00000002 INTL 20190509)
[    0.000000] ACPI: FACS 0x00000000445F0200 000040
[    0.000000] ACPI: FACS 0x00000000445F0200 000040
[    0.000000] ACPI: APIC 0x00000000445F0240 000054 (v02 VBOX   VBOXAPIC 00000001 ASL  00000061)
[    0.000000] ACPI: SSDT 0x00000000445F02A0 0001CC (v01 VBOX   VBOXCPUT 00000002 INTL 20190509)
[    0.000000] ACPI: Reserving FACP table memory at [mem 0x445f00f0-0x445f01e3]
[    0.000000] ACPI: Reserving DSDT table memory at [mem 0x445f0470-0x445f2794]
[    0.000000] ACPI: Reserving FACS table memory at [mem 0x445f0200-0x445f023f]
[    0.000000] ACPI: Reserving FACS table memory at [mem 0x445f0200-0x445f023f]
[    0.000000] ACPI: Reserving APIC table memory at [mem 0x445f0240-0x445f0293]
[    0.000000] ACPI: Reserving SSDT table memory at [mem 0x445f02a0-0x445f046b]
[    0.000000] No NUMA configuration found
[    0.000000] Faking a node at [mem 0x0000000000000000-0x00000000445effff]
[    0.000000] NODE_DATA(0) allocated [mem 0x445c5000-0x445effff]
[    0.000000] kvm-clock: cpu 0, msr 0:44544001, primary cpu clock
[    0.000000] kvm-clock: Using msrs 4b564d01 and 4b564d00
[    0.000000] kvm-clock: using sched offset of 3664687905 cycles
[    0.000000] clocksource: kvm-clock: mask: 0xffffffffffffffff max_cycles: 0x1cd42e4dffb, max_idle_ns: 881590591483 ns
[    0.000000] Zone ranges:
[    0.000000]   DMA      [mem 0x0000000000001000-0x0000000000ffffff]
[    0.000000]   DMA32    [mem 0x0000000001000000-0x00000000445effff]
[    0.000000]   Normal   empty
[    0.000000]   Device   empty
[    0.000000] Movable zone start for each node
[    0.000000] Early memory node ranges
[    0.000000]   node   0: [mem 0x0000000000001000-0x000000000009efff]
[    0.000000]   node   0: [mem 0x0000000000100000-0x00000000445effff]
[    0.000000] Reserved but unavailable: 104 pages
[    0.000000] Initmem setup node 0 [mem 0x0000000000001000-0x00000000445effff]
[    0.000000] ACPI: PM-Timer IO Port: 0x4008
[    0.000000] IOAPIC[0]: apic_id 1, version 32, address 0xfec00000, GSI 0-23
[    0.000000] ACPI: INT_SRC_OVR (bus 0 bus_irq 0 global_irq 2 dfl dfl)
[    0.000000] ACPI: INT_SRC_OVR (bus 0 bus_irq 9 global_irq 9 low level)
[    0.000000] Using ACPI (MADT) for SMP configuration information
[    0.000000] smpboot: Allowing 1 CPUs, 0 hotplug CPUs
[    0.000000] PM: Registered nosave memory: [mem 0x00000000-0x00000fff]
[    0.000000] PM: Registered nosave memory: [mem 0x0009f000-0x0009ffff]
[    0.000000] PM: Registered nosave memory: [mem 0x000a0000-0x000effff]
[    0.000000] PM: Registered nosave memory: [mem 0x000f0000-0x000fffff]
[    0.000000] e820: [mem 0x44600000-0xfebfffff] available for PCI devices
[    0.000000] Booting paravirtualized kernel on KVM
[    0.000000] clocksource: refined-jiffies: mask: 0xffffffff max_cycles: 0xffffffff, max_idle_ns: 7645519600211568 ns
[    0.000000] random: get_random_bytes called from start_kernel+0x99/0x500 with crng_init=0
[    0.000000] setup_percpu: NR_CPUS:8192 nr_cpumask_bits:1 nr_cpu_ids:1 nr_node_ids:1
[    0.000000] percpu: Embedded 50 pages/cpu s167936 r8192 d28672 u2097152
[    0.000000] PV qspinlock hash table entries: 256 (order: 0, 4096 bytes)
[    0.000000] Built 1 zonelists, mobility grouping on.  Total pages: 275553
[    0.000000] Policy zone: DMA32
[    0.000000] Kernel command line: BOOT_IMAGE=/boot/vmlinuz-4.15.0-173-generic root=LABEL=cloudimg-rootfs ro console=tty1 console=ttyS0
[    0.000000] Memory: 1052480K/1119800K available (12300K kernel code, 2484K rwdata, 4324K rodata, 2468K init, 2724K bss, 67320K reserved, 0K cma-reserved)
[    0.000000] SLUB: HWalign=64, Order=0-3, MinObjects=0, CPUs=1, Nodes=1
[    0.000000] Kernel/User page tables isolation: enabled
[    0.000000] ftrace: allocating 39503 entries in 155 pages
[    0.004000] Hierarchical RCU implementation.
[    0.004000] 	RCU restricting CPUs from NR_CPUS=8192 to nr_cpu_ids=1.
[    0.004000] 	Tasks RCU enabled.
[    0.004000] RCU: Adjusting geometry for rcu_fanout_leaf=16, nr_cpu_ids=1
[    0.004000] NR_IRQS: 524544, nr_irqs: 256, preallocated irqs: 16
[    0.004000] Console: colour VGA+ 80x25
[    0.004000] console [tty1] enabled
[    0.004000] console [ttyS0] enabled
[    0.004000] ACPI: Core revision 20170831
[    0.004000] ACPI: 2 ACPI AML tables successfully acquired and loaded
[    0.004000] APIC: Switch to symmetric I/O mode setup
[    0.004000] x2apic enabled
[    0.004000] Switched APIC routing to physical x2apic.
[    0.004000] ..TIMER: vector=0x30 apic1=0 pin1=2 apic2=-1 pin2=-1
[    0.004004] tsc: Detected 3192.464 MHz processor
[    0.004733] Calibrating delay loop (skipped) preset value.. 6384.92 BogoMIPS (lpj=12769856)
[    0.005138] pid_max: default: 32768 minimum: 301
[    0.005902] Security Framework initialized
[    0.006474] Yama: becoming mindful.
[    0.006993] AppArmor: AppArmor initialized
[    0.008650] Dentry cache hash table entries: 262144 (order: 9, 2097152 bytes)
[    0.010265] Inode-cache hash table entries: 131072 (order: 8, 1048576 bytes)
[    0.011297] Mount-cache hash table entries: 4096 (order: 3, 32768 bytes)
[    0.012006] Mountpoint-cache hash table entries: 4096 (order: 3, 32768 bytes)
[    0.013191] process: using mwait in idle threads
[    0.014020] Last level iTLB entries: 4KB 128, 2MB 8, 4MB 8
[    0.014763] Last level dTLB entries: 4KB 64, 2MB 0, 4MB 0, 1GB 4
[    0.016002] Spectre V1 : Mitigation: usercopy/swapgs barriers and __user pointer sanitization
[    0.017163] Spectre V2 : Mitigation: Retpolines
[    0.017896] Spectre V2 : Spectre v2 / SpectreRSB mitigation: Filling RSB on context switch
[    0.020000] Speculative Store Bypass: Vulnerable
[    0.020042] SRBDS: Unknown: Dependent on hypervisor status
[    0.020840] MDS: Mitigation: Clear CPU buffers
[    0.036335] Freeing SMP alternatives memory: 36K
[    0.146652] smpboot: CPU0: Intel(R) Core(TM) i5-6500 CPU @ 3.20GHz (family: 0x6, model: 0x5e, stepping: 0x3)
[    0.148000] Performance Events: unsupported p6 CPU model 94 no PMU driver, software events only.
[    0.148000] Hierarchical SRCU implementation.
[    0.148606] NMI watchdog: Perf event create on CPU 0 failed with -2
[    0.149533] NMI watchdog: Perf NMI watchdog permanently disabled
[    0.150632] smp: Bringing up secondary CPUs ...
[    0.151374] smp: Brought up 1 node, 1 CPU
[    0.151935] smpboot: Max logical packages: 1
[    0.152002] smpboot: Total of 1 processors activated (6384.92 BogoMIPS)
[    0.152978] devtmpfs: initialized
[    0.153675] x86/mm: Memory block size: 128MB
[    0.154395] evm: security.selinux
[    0.155018] evm: security.SMACK64
[    0.155527] evm: security.SMACK64EXEC
[    0.156003] evm: security.SMACK64TRANSMUTE
[    0.156580] evm: security.SMACK64MMAP
[    0.157106] evm: security.apparmor
[    0.157596] evm: security.ima
[    0.158035] evm: security.capability
[    0.159444] clocksource: jiffies: mask: 0xffffffff max_cycles: 0xffffffff, max_idle_ns: 7645041785100000 ns
[    0.160006] futex hash table entries: 256 (order: 2, 16384 bytes)
[    0.160920] pinctrl core: initialized pinctrl subsystem
[    0.164094] RTC time: 22:31:40, date: 04/04/22
[    0.164909] NET: Registered protocol family 16
[    0.165615] audit: initializing netlink subsys (disabled)
[    0.166535] cpuidle: using governor ladder
[    0.167226] cpuidle: using governor menu
[    0.168035] ACPI: bus type PCI registered
[    0.168603] acpiphp: ACPI Hot Plug PCI Controller Driver version: 0.5
[    0.169543] PCI: Using configuration type 1 for base access
[    0.170436] audit: type=2000 audit(1649111505.765:1): state=initialized audit_enabled=0 res=1
[    0.172738] HugeTLB registered 2.00 MiB page size, pre-allocated 0 pages
[    0.173917] ACPI: Added _OSI(Module Device)
[    0.174633] ACPI: Added _OSI(Processor Device)
[    0.175327] ACPI: Added _OSI(3.0 _SCP Extensions)
[    0.175993] ACPI: Added _OSI(Processor Aggregator Device)
[    0.176005] ACPI: Added _OSI(Linux-Dell-Video)
[    0.176671] ACPI: Added _OSI(Linux-Lenovo-NV-HDMI-Audio)
[    0.177406] ACPI: Added _OSI(Linux-HPI-Hybrid-Graphics)
[    0.178366] ACPI: Executed 1 blocks of module-level executable AML code
[    0.182442] ACPI: Interpreter enabled
[    0.183153] ACPI: (supports S0 S5)
[    0.183652] ACPI: Using IOAPIC for interrupt routing
[    0.184208] PCI: Using host bridge windows from ACPI; if necessary, use "pci=nocrs" and report a bug
[    0.185676] ACPI: Enabled 2 GPEs in block 00 to 07
[    0.191360] ACPI: PCI Root Bridge [PCI0] (domain 0000 [bus 00-ff])
[    0.192000] acpi PNP0A03:00: _OSC: OS supports [ASPM ClockPM Segments MSI]
[    0.192388] acpi PNP0A03:00: _OSC: not requesting OS control; OS requires [ExtendedConfig ASPM ClockPM MSI]
[    0.196009] acpi PNP0A03:00: fail to add MMCONFIG information, can't access extended PCI configuration space under this bridge.
[    0.197928] PCI host bridge to bus 0000:00
[    0.198630] pci_bus 0000:00: root bus resource [io  0x0000-0x0cf7 window]
[    0.200002] pci_bus 0000:00: root bus resource [io  0x0d00-0xffff window]
[    0.200989] pci_bus 0000:00: root bus resource [mem 0x000a0000-0x000bffff window]
[    0.202549] pci_bus 0000:00: root bus resource [mem 0x44600000-0xfdffffff window]
[    0.204002] pci_bus 0000:00: root bus resource [bus 00-ff]
[    0.206334] pci 0000:00:01.1: legacy IDE quirk: reg 0x10: [io  0x01f0-0x01f7]
[    0.208003] pci 0000:00:01.1: legacy IDE quirk: reg 0x14: [io  0x03f6]
[    0.208967] pci 0000:00:01.1: legacy IDE quirk: reg 0x18: [io  0x0170-0x0177]
[    0.209972] pci 0000:00:01.1: legacy IDE quirk: reg 0x1c: [io  0x0376]
[    0.221559] pci 0000:00:07.0: quirk: [io  0x4000-0x403f] claimed by PIIX4 ACPI
[    0.224000] pci 0000:00:07.0: quirk: [io  0x4100-0x410f] claimed by PIIX4 SMB
[    0.233280] ACPI: PCI Interrupt Link [LNKA] (IRQs 5 9 10 *11)
[    0.234593] ACPI: PCI Interrupt Link [LNKB] (IRQs 5 9 *10 11)
[    0.235659] ACPI: PCI Interrupt Link [LNKC] (IRQs 5 *9 10 11)
[    0.236099] ACPI: PCI Interrupt Link [LNKD] (IRQs 5 9 10 *11)
[    0.237420] SCSI subsystem initialized
[    0.238104] pci 0000:00:02.0: vgaarb: setting as boot VGA device
[    0.238941] pci 0000:00:02.0: vgaarb: VGA device added: decodes=io+mem,owns=io+mem,locks=none
[    0.240008] pci 0000:00:02.0: vgaarb: bridge control possible
[    0.240917] vgaarb: loaded
[    0.241398] ACPI: bus type USB registered
[    0.242074] usbcore: registered new interface driver usbfs
[    0.244015] usbcore: registered new interface driver hub
[    0.244874] usbcore: registered new device driver usb
[    0.245630] EDAC MC: Ver: 3.0.0
[    0.246428] PCI: Using ACPI for IRQ routing
[    0.247375] NetLabel: Initializing
[    0.248003] NetLabel:  domain hash size = 128
[    0.248708] NetLabel:  protocols = UNLABELED CIPSOv4 CALIPSO
[    0.249507] NetLabel:  unlabeled traffic allowed by default
[    0.250401] clocksource: Switched to clocksource kvm-clock
[    0.258094] VFS: Disk quotas dquot_6.6.0
[    0.258955] VFS: Dquot-cache hash table entries: 512 (order 0, 4096 bytes)
[    0.261444] AppArmor: AppArmor Filesystem Enabled
[    0.262200] pnp: PnP ACPI init
[    0.263520] pnp: PnP ACPI: found 3 devices
[    0.269637] clocksource: acpi_pm: mask: 0xffffff max_cycles: 0xffffff, max_idle_ns: 2085701024 ns
[    0.270966] NET: Registered protocol family 2
[    0.271715] IP idents hash table entries: 32768 (order: 6, 262144 bytes)
[    0.272936] TCP established hash table entries: 16384 (order: 5, 131072 bytes)
[    0.273969] TCP bind hash table entries: 16384 (order: 6, 262144 bytes)
[    0.274970] TCP: Hash tables configured (established 16384 bind 16384)
[    0.277549] UDP hash table entries: 1024 (order: 3, 32768 bytes)
[    0.278949] UDP-Lite hash table entries: 1024 (order: 3, 32768 bytes)
[    0.279821] NET: Registered protocol family 1
[    0.280527] pci 0000:00:00.0: Limiting direct PCI/PCI transfers
[    0.281320] pci 0000:00:01.0: Activating ISA DMA hang workarounds
[    0.282210] pci 0000:00:02.0: Video device with shadowed ROM at [mem 0x000c0000-0x000dffff]
[    0.283419] Unpacking initramfs...
[    0.541677] Freeing initrd memory: 19528K
[    0.545944] clocksource: tsc: mask: 0xffffffffffffffff max_cycles: 0x2e047afa2c2, max_idle_ns: 440795229295 ns
[    0.547419] platform rtc_cmos: registered platform RTC device (no PNP device found)
[    0.548676] Scanning for low memory corruption every 60 seconds
[    0.550030] Initialise system trusted keyrings
[    0.550858] Key type blacklist registered
[    0.551459] workingset: timestamp_bits=36 max_order=19 bucket_order=0
[    0.553100] zbud: loaded
[    0.554081] squashfs: version 4.0 (2009/01/31) Phillip Lougher
[    0.554991] fuse init (API version 7.26)
[    0.556763] Key type asymmetric registered
[    0.557459] Asymmetric key parser 'x509' registered
[    0.558194] Block layer SCSI generic (bsg) driver version 0.4 loaded (major 246)
[    0.559260] io scheduler noop registered
[    0.559926] io scheduler deadline registered
[    0.560573] io scheduler cfq registered (default)
[    0.561446] ACPI: AC Adapter [AC] (on-line)
[    0.562234] input: Power Button as /devices/LNXSYSTM:00/LNXPWRBN:00/input/input0
[    0.563317] ACPI: Power Button [PWRF]
[    0.564025] input: Sleep Button as /devices/LNXSYSTM:00/LNXSLPBN:00/input/input1
[    0.565107] ACPI: Sleep Button [SLPF]
[    0.565887] Serial: 8250/16550 driver, 32 ports, IRQ sharing enabled
[    0.587490] 00:02: ttyS0 at I/O 0x3f8 (irq = 4, base_baud = 115200) is a 16550A
[    0.589685] Linux agpgart interface v0.103
[    0.591110] loop: module loaded
[    0.592159] scsi host0: ata_piix
[    0.592856] scsi host1: ata_piix
[    0.593350] ata1: PATA max UDMA/33 cmd 0x1f0 ctl 0x3f6 bmdma 0xd000 irq 14
[    0.594222] ata2: PATA max UDMA/33 cmd 0x170 ctl 0x376 bmdma 0xd008 irq 15
[    0.595318] tun: Universal TUN/TAP device driver, 1.6
[    0.596067] PPP generic driver version 2.4.2
[    0.596917] ehci_hcd: USB 2.0 'Enhanced' Host Controller (EHCI) Driver
[    0.597799] ehci-pci: EHCI PCI platform driver
[    0.598380] ehci-platform: EHCI generic platform driver
[    0.599056] ohci_hcd: USB 1.1 'Open' Host Controller (OHCI) Driver
[    0.599937] ohci-pci: OHCI PCI platform driver
[    0.600845] ohci-platform: OHCI generic platform driver
[    0.601615] uhci_hcd: USB Universal Host Controller Interface driver
[    0.602527] i8042: PNP: PS/2 Controller [PNP0303:PS2K,PNP0f03:PS2M] at 0x60,0x64 irq 1,12
[    0.604234] serio: i8042 KBD port at 0x60,0x64 irq 1
[    0.606465] serio: i8042 AUX port at 0x60,0x64 irq 12
[    0.608144] mousedev: PS/2 mouse device common for all mice
[    0.609107] input: AT Translated Set 2 keyboard as /devices/platform/i8042/serio0/input/input2
[    0.610713] rtc_cmos rtc_cmos: rtc core: registered rtc_cmos as rtc0
[    0.611720] rtc_cmos rtc_cmos: alarms up to one day, 114 bytes nvram
[    0.612690] i2c /dev entries driver
[    0.613302] device-mapper: uevent: version 1.0.3
[    0.613986] device-mapper: ioctl: 4.37.0-ioctl (2017-09-20) initialised: dm-devel@redhat.com
[    0.615208] ledtrig-cpu: registered to indicate activity on CPUs
[    0.616194] intel_pmc_core:  initialized
[    0.617026] NET: Registered protocol family 10
[    0.620184] Segment Routing with IPv6
[    0.620971] NET: Registered protocol family 17
[    0.621622] Key type dns_resolver registered
[    0.622292] mce: Using 0 MCE banks
[    0.622849] RAS: Correctable Errors collector initialized.
[    0.623603] sched_clock: Marking stable (620951166, 0)->(778717479, -157766313)
[    0.624826] registered taskstats version 1
[    0.625583] Loading compiled-in X.509 certificates
[    0.627804] Loaded X.509 cert 'Build time autogenerated kernel key: 70c562671a3916277fe5fdc18b24b613b7a6fbd0'
[    0.629783] Loaded X.509 cert 'Canonical Ltd. Live Patch Signing: 14df34d1a87cf37625abec039ef2bf521249b969'
[    0.631639] Loaded X.509 cert 'Canonical Ltd. Kernel Module Signing: 88f752e560a1e0737e31163a466ad7b70a850c19'
[    0.633156] blacklist: Loading compiled-in revocation X.509 certificates
[    0.634219] Loaded X.509 cert 'Canonical Ltd. Secure Boot Signing: 61482aa2830d0ab2ad5af10b7250da9033ddcef0'
[    0.635561] zswap: loaded using pool lzo/zbud
[    0.642870] Key type big_key registered
[    0.643550] Key type trusted registered
[    0.649493] Key type encrypted registered
[    0.650181] AppArmor: AppArmor sha1 policy hashing enabled
[    0.650976] ima: No TPM chip found, activating TPM-bypass! (rc=-19)
[    0.651871] ima: Allocated hash algorithm: sha1
[    0.654880] evm: HMAC attrs: 0x1
[    0.656307]   Magic number: 2:101:552
[    0.656862] tty ttyS28: hash matches
[    0.657419] acpi PNP0C0F:03: hash matches
[    0.658092] rtc_cmos rtc_cmos: setting system clock to 2022-04-04 22:31:41 UTC (1649111501)
[    0.659454] BIOS EDD facility v0.16 2004-Jun-25, 0 devices found
[    0.660430] EDD information not available.
[    0.777397] Freeing unused kernel image memory: 2468K
[    0.784156] Write protecting the kernel read-only data: 20480k
[    0.785617] Freeing unused kernel image memory: 2008K
[    0.786681] Freeing unused kernel image memory: 1820K
[    0.794190] x86/mm: Checked W+X mappings: passed, no W+X pages found.
[    0.795810] x86/mm: Checking user space page tables
[    0.802932] x86/mm: Checked W+X mappings: passed, no W+X pages found.
Loading, please wait...
starting version 237
[    0.891255] e1000: Intel(R) PRO/1000 Network Driver - version 7.3.21-k8-NAPI
[    0.892560] e1000: Copyright (c) 1999-2006 Intel Corporation.
[    0.896903] Fusion MPT base driver 3.04.20
[    0.897650] Copyright (c) 1999-2008 LSI Corporation
[    0.906799] Fusion MPT SPI Host driver 3.04.20
[    0.934823] AVX2 version of gcm_enc/dec engaged.
[    0.935805] AES CTR mode by8 optimization enabled
[    1.107552] input: ImExPS/2 Generic Explorer Mouse as /devices/platform/i8042/serio1/input/input4
[    1.276154] e1000 0000:00:03.0 eth0: (PCI:33MHz:32-bit) 02:27:94:89:a7:22
[    1.277414] e1000 0000:00:03.0 eth0: Intel(R) PRO/1000 Network Connection
[    1.279369] mptbase: ioc0: Initiating bringup
[    1.372742] ioc0: LSI53C1030 A0: Capabilities={Initiator}
[    1.613169] scsi host2: ioc0: LSI53C1030 A0, FwRev=00000000h, Ports=1, MaxQ=256, IRQ=20
[    1.780505] scsi 2:0:0:0: Direct-Access     VBOX     HARDDISK         1.0  PQ: 0 ANSI: 5
[    1.783318] scsi target2:0:0: Beginning Domain Validation
[    1.788915] random: fast init done
[    1.790367] scsi target2:0:0: Domain Validation skipping write tests
[    1.792871] scsi target2:0:0: Ending Domain Validation
[    1.794753] scsi target2:0:0: asynchronous
[    1.796719] scsi 2:0:1:0: Direct-Access     VBOX     HARDDISK         1.0  PQ: 0 ANSI: 5
[    1.799354] scsi target2:0:1: Beginning Domain Validation
[    1.806303] scsi target2:0:1: Domain Validation skipping write tests
[    1.808230] scsi target2:0:1: Ending Domain Validation
[    1.809285] scsi target2:0:1: asynchronous
[    1.814177] random: systemd-udevd: uninitialized urandom read (16 bytes read)
[    1.815281] random: systemd-udevd: uninitialized urandom read (16 bytes read)
[    1.816357] random: systemd-udevd: uninitialized urandom read (16 bytes read)
[    1.817604] sd 2:0:0:0: Attached scsi generic sg0 type 0
[    1.818476] sd 2:0:0:0: [sda] 83886080 512-byte logical blocks: (42.9 GB/40.0 GiB)
[    1.819611] sd 2:0:0:0: [sda] Write Protect is off
[    1.824793] sd 2:0:0:0: [sda] Incomplete mode parameter data
[    1.825836] sd 2:0:0:0: [sda] Assuming drive cache: write through
[    1.826909] sd 2:0:1:0: [sdb] 20480 512-byte logical blocks: (10.5 MB/10.0 MiB)
[    1.828107] sd 2:0:1:0: [sdb] Write Protect is off
[    1.829009] sd 2:0:1:0: Attached scsi generic sg1 type 0
[    1.829883] sd 2:0:1:0: [sdb] Incomplete mode parameter data
[    1.830719] sd 2:0:1:0: [sdb] Assuming drive cache: write through
[    1.860255]  sda: sda1
[    1.861204] sd 2:0:0:0: [sda] Attached SCSI disk
[    1.898458] sd 2:0:1:0: [sdb] Attached SCSI disk
[    2.166633] e1000 0000:00:08.0 eth1: (PCI:33MHz:32-bit) 08:00:27:ef:a0:43
[    2.168627] e1000 0000:00:08.0 eth1: Intel(R) PRO/1000 Network Connection
[    2.172454] e1000 0000:00:08.0 enp0s8: renamed from eth1
[    2.175652] e1000 0000:00:03.0 enp0s3: renamed from eth0
Begin: Loading essential drivers ... [    3.581714] raid6: sse2x1   gen() 14067 MB/s
[    3.652205] raid6: sse2x1   xor() 10568 MB/s
[    3.717970] raid6: sse2x2   gen() 16920 MB/s
[    3.784120] raid6: sse2x2   xor() 11196 MB/s
[    3.858054] raid6: sse2x4   gen() 22032 MB/s
[    3.923690] raid6: sse2x4   xor() 12073 MB/s
[    3.990044] raid6: avx2x1   gen() 25229 MB/s
[    4.056666] raid6: avx2x1   xor() 18880 MB/s
[    4.122692] raid6: avx2x2   gen() 31660 MB/s
[    4.188560] raid6: avx2x2   xor() 20815 MB/s
[    4.258450] raid6: avx2x4   gen() 39500 MB/s
[    4.324372] raid6: avx2x4   xor() 22886 MB/s
[    4.325186] raid6: using algorithm avx2x4 gen() 39500 MB/s
[    4.325977] raid6: .... xor() 22886 MB/s, rmw enabled
[    4.326671] raid6: using avx2x2 recovery algorithm
[    4.328861] xor: automatically using best checksumming function   avx       
[    4.331097] async_tx: api initialized (async)
done.
Begin: Running /scripts/init-premount ... done.
Begin: Mounting root file system ... Begin: Running /scripts/local-top ... done.
Begin: Running /scripts/local-premount ... [    4.378215] Btrfs loaded, crc32c=crc32c-intel
Scanning for Btrfs filesystems
done.
Warning: fsck not present, so skipping root file system
[    4.423672] EXT4-fs (sda1): mounted filesystem with ordered data mode. Opts: (null)
done.
Begin: Running /scripts/local-bottom ... done.
Begin: Running /scripts/init-bottom ... done.
[    5.942087] ip_tables: (C) 2000-2006 Netfilter Core Team
[    6.050719] systemd[1]: systemd 237 running in system mode. (+PAM +AUDIT +SELINUX +IMA +APPARMOR +SMACK +SYSVINIT +UTMP +LIBCRYPTSETUP +GCRYPT +GNUTLS +ACL +XZ +LZ4 +SECCOMP +BLKID +ELFUTILS +KMOD -IDN2 +IDN -PCRE2 default-hierarchy=hybrid)
[    6.066080] systemd[1]: Detected virtualization oracle.
[    6.069210] systemd[1]: Detected architecture x86-64.

Welcome to [1mUbuntu 18.04.6 LTS[0m!

[    6.148574] systemd[1]: Set hostname to <ubuntu>.
[    6.197182] systemd[1]: Initializing machine ID from random generator.
[    6.198435] systemd[1]: Installed transient /etc/machine-id file.
[    6.437983] random: crng init done
[    6.439434] random: 7 urandom warning(s) missed due to ratelimiting
[    8.226601] systemd[1]: Reached target System Time Synchronized.
[[0;32m  OK  [0m] Reached target System Time Synchronized.
[    8.232661] systemd[1]: Reached target User and Group Name Lookups.
[[0;32m  OK  [0m] Reached target User and Group Name Lookups.
[    8.238362] systemd[1]: Started Forward Password Requests to Wall Directory Watch.
[[0;32m  OK  [0m] Started Forward Password Requests to Wall Directory Watch.
[    8.243046] systemd[1]: Reached target Swap.
[[0;32m  OK  [0m] Reached target Swap.
[[0;32m  OK  [0m] Created slice User and Session Slice.
[[0;32m  OK  [0m] Set up automount Arbitrary Executab…rmats File System Automount Point.
[[0;32m  OK  [0m] Created slice System Slice.
[[0;32m  OK  [0m] Listening on udev Kernel Socket.
[[0;32m  OK  [0m] Listening on udev Control Socket.
[[0;32m  OK  [0m] Listening on Journal Socket.
         Mounting Huge Pages File System...
         Starting Load Kernel Modules...
         Starting Set the console keyboard layout...
[[0;32m  OK  [0m] Listening on Network Service Netlink Socket.
[[0;32m  OK  [0m] Created slice system-serial\x2dgetty.slice.
[[0;32m  OK  [0m] Listening on /dev/initctl Compatibility Named Pipe.
[[0;32m  OK  [0m] Listening on Syslog Socket.
[[0;32m  OK  [0m] Listening on LVM2 metadata daemon socket.
         Starting Create list of required st…ce nodes for the current kernel...
         Mounting Kernel Debug File System...
[[0;32m  OK  [0m] Listening on Journal Socket (/dev/log).
         Starting Uncomplicated firewall...
[[0;32m  OK  [0m] Listening on fsck to fsckd communication Socket.
         Starting File System Check on Root Device...
         Mounting POSIX Message Queue File System...
[[0;32m  OK  [0m] Listening on Journal Audit Socket.
         Starting Journal Service...
         Starting udev Coldplug all Devices...
[[0;32m  OK  [0m] Listening on Device-mapper event daemon FIFOs.
         Starting Monitoring of LVM2 mirrors…ng dmeventd or progress polling...
[[0;32m  OK  [0m] Reached target Slices.
[[0;32m  OK  [0m] Listening on LVM2 poll daemon socket.
[[0;32m  OK  [0m] Mounted Huge Pages File System.
[    8.487237] Loading iSCSI transport class v2.0-870.
[[0;32m  OK  [0m] Mounted Kernel Debug File System.
[[0;32m  OK  [0m] Mounted POSIX Message Queue File System.
[[0;32m  OK  [0m] Started Create list of required sta…vice nodes for the current kernel.
         Starting Create Static Device Nodes in /dev...
[[0;32m  OK  [0m] Started Uncomplicated firewall.
[[0;32m  OK  [0m] Started File System Check Daemon to report status.
[[0;32m  OK  [0m] Started Journal Service.
[[0;32m  OK  [0m] Started udev Coldplug all Devices.
[    8.950195] iscsi: registered transport (tcp)
[[0;32m  OK  [0m] Started File System Check on Root Device.
         Starting Remount Root and Kernel File Systems...
[[0;32m  OK  [0m] Started Set the console keyboard layout.
[    9.316032] iscsi: registered transport (iser)
[[0;32m  OK  [0m] Started Load Kernel Modules.
         Mounting FUSE Control File System...
         Mounting Kernel Configuration File System...
         Starting Apply Kernel Variables...
[[0;32m  OK  [0m] Mounted FUSE Control File System.
[[0;32m  OK  [0m] Mounted Kernel Configuration File System.
[[0;32m  OK  [0m] Started LVM2 metadata daemon.
[[0;32m  OK  [0m] Started Remount Root and Kernel File Systems.
         Starting Flush Journal to Persistent Storage...
         Starting Load/Save Random Seed...
[[0;32m  OK  [0m] Started Monitoring of LVM2 mirrors,…sing dmeventd or progress polling.
[[0;32m  OK  [0m] Started Create Static Device Nodes in /dev.
[[0;32m  OK  [0m] Started Apply Kernel Variables.
         Starting udev Kernel Device Manager...
[[0;32m  OK  [0m] Reached target Local File Systems (Pre).
[[0;32m  OK  [0m] Reached target Local File Systems.
         Starting Commit a transient machine-id on disk...
         Starting Set console font and keymap...
         Starting AppArmor initialization...
         Starting Tell Plymouth To Write Out Runtime Data...
         Starting ebtables ruleset management...
[[0;32m  OK  [0m] Started Load/Save Random Seed.
[[0;32m  OK  [0m] Started Set console font and keymap.
[[0;32m  OK  [0m] Started Tell Plymouth To Write Out Runtime Data.
[[0;32m  OK  [0m] Started Commit a transient machine-id on disk.
[[0;32m  OK  [0m] Started Flush Journal to Persistent Storage.
         Starting Create Volatile Files and Directories...
[[0;32m  OK  [0m] Started Create Volatile Files and Directories.
         Starting Update UTMP about System Boot/Shutdown...
[[0;32m  OK  [0m] Started udev Kernel Device Manager.
[[0;32m  OK  [0m] Started Dispatch Password Requests to Console Directory Watch.
[[0;32m  OK  [0m] Reached target Local Encrypted Volumes.
[[0;32m  OK  [0m] Started Update UTMP about System Boot/Shutdown.
[[0;32m  OK  [0m] Started ebtables ruleset management.
[[0;32m  OK  [0m] Found device /dev/ttyS0.
[[0;32m  OK  [0m] Listening on Load/Save RF Kill Switch Status /dev/rfkill Watch.
[[0;32m  OK  [0m] Started AppArmor initialization.
         Starting Load AppArmor profiles managed internally by snapd...
         Starting Initial cloud-init job (pre-networking)...
[[0;32m  OK  [0m] Started Load AppArmor profiles managed internally by snapd.
[   17.671643] cloud-init[537]: Cloud-init v. 22.1-14-g2e17a0d6-0ubuntu1~18.04.3 running 'init-local' at Mon, 04 Apr 2022 22:31:57 +0000. Up 17.04 seconds.
[[0;32m  OK  [0m] Started Initial cloud-init job (pre-networking).
[[0;32m  OK  [0m] Reached target Network (Pre).
         Starting Network Service...
[[0;32m  OK  [0m] Started Network Service.
         Starting Network Name Resolution...
         Starting Wait for Network to be Configured...
[[0;32m  OK  [0m] Started Network Name Resolution.
[[0;32m  OK  [0m] Reached target Host and Network Name Lookups.
[[0;32m  OK  [0m] Reached target Network.
[[0;32m  OK  [0m] Started Wait for Network to be Configured.
         Starting Initial cloud-init job (metadata service crawler)...
[   19.685477] cloud-init[650]: Cloud-init v. 22.1-14-g2e17a0d6-0ubuntu1~18.04.3 running 'init' at Mon, 04 Apr 2022 22:32:00 +0000. Up 19.34 seconds.
[   19.698637] cloud-init[650]: ci-info: ++++++++++++++++++++++++++++++++++++++Net device info+++++++++++++++++++++++++++++++++++++++
[   19.701617] cloud-init[650]: ci-info: +--------+-------+----------------------------+---------------+--------+-------------------+
[   19.704269] cloud-init[650]: ci-info: | Device |   Up  |          Address           |      Mask     | Scope  |     Hw-Address    |
[   19.717244] cloud-init[650]: ci-info: +--------+-------+----------------------------+---------------+--------+-------------------+
[   19.718805] cloud-init[650]: ci-info: | enp0s3 |  True |         10.0.2.15          | 255.255.255.0 | global | 02:27:94:89:a7:22 |
[   19.720206] cloud-init[650]: ci-info: | enp0s3 |  True | fe80::27:94ff:fe89:a722/64 |       .       |  link  | 02:27:94:89:a7:22 |
[   19.721597] cloud-init[650]: ci-info: | enp0s8 | False |             .              |       .       |   .    | 08:00:27:ef:a0:43 |
[   19.722987] cloud-init[650]: ci-info: |   lo   |  True |         127.0.0.1          |   255.0.0.0   |  host  |         .         |
[   19.724395] cloud-init[650]: ci-info: |   lo   |  True |          ::1/128           |       .       |  host  |         .         |
[   19.725712] cloud-init[650]: ci-info: +--------+-------+----------------------------+---------------+--------+-------------------+
[   19.727064] cloud-init[650]: ci-info: ++++++++++++++++++++++++++++Route IPv4 info+++++++++++++++++++++++++++++
[   19.728467] cloud-init[650]: ci-info: +-------+-------------+----------+-----------------+-----------+-------+
[   19.729593] cloud-init[650]: ci-info: | Route | Destination | Gateway  |     Genmask     | Interface | Flags |
[   19.730735] cloud-init[650]: ci-info: +-------+-------------+----------+-----------------+-----------+-------+
[   19.731879] cloud-init[650]: ci-info: |   0   |   0.0.0.0   | 10.0.2.2 |     0.0.0.0     |   enp0s3  |   UG  |
[   19.733025] cloud-init[650]: ci-info: |   1   |   10.0.2.0  | 0.0.0.0  |  255.255.255.0  |   enp0s3  |   U   |
[   19.734092] cloud-init[650]: ci-info: |   2   |   10.0.2.2  | 0.0.0.0  | 255.255.255.255 |   enp0s3  |   UH  |
[   19.735192] cloud-init[650]: ci-info: +-------+-------------+----------+-----------------+-----------+-------+
[   19.736318] cloud-init[650]: ci-info: +++++++++++++++++++Route IPv6 info+++++++++++++++++++
[   19.737233] cloud-init[650]: ci-info: +-------+-------------+---------+-----------+-------+
[   19.738164] cloud-init[650]: ci-info: | Route | Destination | Gateway | Interface | Flags |
[   19.739080] cloud-init[650]: ci-info: +-------+-------------+---------+-----------+-------+
[   19.740020] cloud-init[650]: ci-info: |   1   |  fe80::/64  |    ::   |   enp0s3  |   U   |
[   19.740978] cloud-init[650]: ci-info: |   3   |    local    |    ::   |   enp0s3  |   U   |
[   19.741890] cloud-init[650]: ci-info: |   4   |   ff00::/8  |    ::   |   enp0s3  |   U   |
[   19.747407] cloud-init[650]: ci-info: +-------+-------------+---------+-----------+-------+
[   21.375181] cloud-init[650]: Generating public/private rsa key pair.
[   21.375864] cloud-init[650]: Your identification has been saved in /etc/ssh/ssh_host_rsa_key.
[   21.376848] cloud-init[650]: Your public key has been saved in /etc/ssh/ssh_host_rsa_key.pub.
[   21.377787] cloud-init[650]: The key fingerprint is:
[   21.380133] cloud-init[650]: SHA256:E5MMBDMCGFZybRsfnJgBa+YXvbUSJfYq3Vf+6Ybh17I root@ubuntu-bionic
[   21.381020] cloud-init[650]: The key's randomart image is:
[   21.381687] cloud-init[650]: +---[RSA 2048]----+
[   21.384134] cloud-init[650]: |+=o+*+Bo..       |
[   21.384532] cloud-init[650]: |o o..Oo*+.       |
[   21.385135] cloud-init[650]: |   +..+o*o   .   |
[   21.385748] cloud-init[650]: |  +  .o.*o. o    |
[   21.389883] cloud-init[650]: |   . o =So . .   |
[   21.390584] cloud-init[650]: |    . . ...  .. .|
[   21.390981] cloud-init[650]: |            . oo.|
[   21.391624] cloud-init[650]: |             ooo.|
[   21.392342] cloud-init[650]: |              E+ |
[   21.392994] cloud-init[650]: +----[SHA256]-----+
[   21.396238] cloud-init[650]: Generating public/private dsa key pair.
[   21.397109] cloud-init[650]: Your identification has been saved in /etc/ssh/ssh_host_dsa_key.
[   21.398181] cloud-init[650]: Your public key has been saved in /etc/ssh/ssh_host_dsa_key.pub.
[   21.398973] cloud-init[650]: The key fingerprint is:
[   21.400161] cloud-init[650]: SHA256:ZLwGsk45wjOH8vZ6PdFyVWMAs0Grw5RAo+zvxrDvOk0 root@ubuntu-bionic
[   21.401145] cloud-init[650]: The key's randomart image is:
[   21.419879] cloud-init[650]: +---[DSA 1024]----+
[[   21.441931] cloud-init[650]: |   .+  .=...     |
[   21.442276] cloud-init[650]: | . . o o =  +    |
[   21.442954] cloud-init[650]: |  o . + *  o .   |
[   21.443614] cloud-init[650]: | o . * = ..      |[0;32m  OK  [0m] Started Initial cloud-init job (metadata service crawler).
[[0;32m  OK  [0m] Reached target Cloud-config availability.
[[0;32m  OK  [0m] Reached target System Initialization.
[[0;32m  OK  [0m] Started Message of the Day.
[[0;32m  OK  [0m] Listening on UUID daemon activation socket.

[   21.452709] cloud-init[650]: |. B * +.S.       |
[   21.453204] cloud-init[650]: | o.OE.ooo        |
[   21.453909] cloud-init[650]: |  o*o. +         |
[   21.454919] cloud-init[650]: | .oo= o          |
[   21.456186] cloud-init[650]: |  oO=  .         |
[   21.456588] cloud-init[650]: +----[SHA256]-----+
[   21.458938] cloud-init[650]: Generating public/private ecdsa key pair.
[[0;32m  OK  [0m] Started Trigger to poll for Ubuntu …(Only enabled on GCP LTS non-pro).
[[0;32m  OK  [0m] Started Daily apt download activities.
[[0;32m  OK  [0m] Started Daily apt upgrade and clean activities.
[[0;32m  OK  [0m] Started Daily Cleanup of Temporary Directories.
[   21.462953] cloud-init[650]: Your identification has been saved in /etc/ssh/ssh_host_ecdsa_key.[[0;32m  OK  [0m] Started ACPI Events Check.
[[0;32m  OK  [0m] Reached target Paths.
         Starting Socket activation for snappy daemon.
[[0;32m  OK  [0m] Listening on D-Bus System Message Bus Socket.
[[0;32m  OK  [0m] Started Discard unused blocks once a week.
[
[   21.469586] cloud-init[650]: Your public key has been saved in /etc/ssh/ssh_host_ecdsa_key.pub.
[   21.470624] cloud-init[650]: The key fingerprint is:
[   21.471076] cloud-init[650]: SHA256:hS9rPmU6D6IlvH/GY2PC1Q8aF+h+VMFKcEkB0BKD4XI root@ubuntu-bionic
[0;32m  OK  [0m] Listening on Open-iSCSI iscsid Socket.
[[0;32m  OK  [0m] Listening on cloud-init hotplug hook socket.
         Starting LXD - unix socket.
[[0;32m  OK  [0m] Listening on ACPID Listen Socket.
[[0;32m  OK  [0m] Started Ubuntu Advantage Timer for running repeated jobs.
[[0;32m  OK  [0m] Reached target Timers.
[[0;32m  OK  [0m] Reached target Network is Online.[   21.481211] cloud-init[650]: The key's randomart image is:
[   21.481938] cloud-init[650]: +---[ECDSA 256]---+
[   21.482557] cloud-init[650]: |    .o++o+++     |
[   21.483177] cloud-init[650]: |   .. ...oo o    |
[   21.483521] cloud-init[650]: |  . E  ..o.. .   |

[   21.487865] cloud-init[650]: |   o    .oo .    |
[   21.488286] cloud-init[650]: |       .S..o     |
[   21.488937] cloud-init[650]: |   .    +oB      |
[   21.490466] cloud-init[650]: |    o.o++O o     |
[   21.490832] cloud-init[650]: |     =o+#.. .    |
[   21.491199] cloud-init[650]: |    o..*.B.      |
[   21.491840] cloud-init[650]: +----[SHA256]-----+
[   21.493969] cloud-init[650]: Generating public/private ed25519 key pair.
[   21.495388] cloud-init[650]: Your identification has been saved in /etc/ssh/ssh_host_ed25519_key.
[   21.496303] cloud-init[650]: Your public key has been saved in /etc/ssh/ssh_host_ed25519_key.pub.
[   21.497365] cloud-init[650]: The key fingerprint is:
[   21.497811] cloud-init[650]: SHA256:lciZyPG61uwIIEma6r28hGlahXCwoEfXvOpQ3Ybnx2E root@ubuntu-bionic[[0;32m  OK  [0m] Reached target Remote File Systems (Pre).
[[0;32m  OK  [0m] Reached target Remote File Systems.
         Starting Availability of block devices...
[[0;32m  OK  [0m] Listening on Socket activation for snappy daemon.
[[0;32m  OK  [0m] Listening on LXD - unix socket.
[[0;32m  OK  [0m] Reached target Sockets.
[[0;32m  OK  [0m] Reached target Basic System.

[[0;32m  OK  [0m] Started Deferred execution scheduler.
[   21.521753] cloud-init[650]: The key's randomart image is:
[   21.523741] cloud-init[650]: +--[ED25519 256]--+
[   21.525006] cloud-init[650]: |o . .o.          |
         Starting Permit User Sessions...
[   21.527328] cloud-init[650]: |o+ . .o= + .     |
         Starting Accounts Service...
[   21.530601]          Starting Login Service...
cloud-init[650]: |+.o  .o+* o      |
         [   21.542567] Starting LSB: Record successful boot for GRUB...
cloud-init[650]: |o* .. +.+.E      |
         [   21.553560] cloud-init[650]: |= o....+So .     |
[   21.553975] cloud-init[650]: |..+o.  +. o      |
[   21.554278] cloud-init[650]: |.+.+. o o.       |
[   21.554603] cloud-init[650]: |+.+ .o o         |
[   21.554984] cloud-init[650]: |.. =o . .        |
[   21.555374] cloud-init[650]: +----[SHA256]-----+
Starting LXD - container startup/shutdown...
         Starting LSB: automatic crash report generation...
[[0;32m  OK  [0m] Started D-Bus System Message Bus.
[[0;32m  OK  [0m] Started Login Service.
[[0;32m  OK  [0m] Started FUSE filesystem for LXC.
         Starting Virtualbox guest utils...
[[0;32m  OK  [0m] Started irqbalance daemon.
[[0;32m  OK  [0m] Started Unattended Upgrades Shutdown.
         Starting System Logging Service...
[[0;32m  OK  [0m] Started Regular background program processing daemon.
         Starting Pollinate to seed the pseudo random number generator...
         Starting Dispatcher daemon for systemd-networkd...
         Starting Snap Daemon...
[[0;32m  OK  [0m] Started Availability of block devices.
[[0;32m  OK  [0m] Started Permit User Sessions.
[[0;32m  OK  [0m] Started System Logging Service.
         Starting Authorization Manager...
         Starting Terminate Plymouth Boot Screen...
         Starting Hold until boot process finishes up...
[[0;32m  OK  [0m] Started Hold until boot process finishes up.
[[0;32m  OK  [0m] Started Serial Getty on ttyS0.
         Starting Set console scheme...
[[0;32m  OK  [0m] Started Terminate Plymouth Boot Screen.
[[0;32m  OK  [0m] Started Set console scheme.
[[0;32m  OK  [0m] Created slice system-getty.slice.
[[0;32m  OK  [0m] Started Getty on tty1.
[[0;32m  OK  [0m] Reached target Login Prompts.
[[0;32m  OK  [0m] Started LSB: automatic crash report generation.
[[0;32m  OK  [0m] Started Authorization Manager.
[[0;32m  OK  [0m] Started Accounts Service.
[[0;32m  OK  [0m] Started LSB: Record successful boot for GRUB.
[[0;32m  OK  [0m] Started Dispatcher daemon for systemd-networkd.
[[0;32m  OK  [0m] Started Virtualbox guest utils.
[[0;32m  OK  [0m] Started LXD - container startup/shutdown.
[[0;32m  OK  [0m] Started Snap Daemon.
         Starting Wait until snapd is fully seeded...
         Starting Time & Date Service...
[[0;32m  OK  [0m] Started Time & Date Service.

Ubuntu 18.04.6 LTS ubuntu-bionic ttyS0

ubuntu-bionic login: [   33.366904] cloud-init[1353]: Cloud-init v. 22.1-14-g2e17a0d6-0ubuntu1~18.04.3 running 'modules:config' at Mon, 04 Apr 2022 22:32:11 +0000. Up 30.81 seconds.
ci-info: no authorized SSH keys fingerprints found for user ubuntu.
<14>Apr  4 22:32:15 cloud-init: #############################################################
<14>Apr  4 22:32:15 cloud-init: -----BEGIN SSH HOST KEY FINGERPRINTS-----
<14>Apr  4 22:32:15 cloud-init: 1024 SHA256:ZLwGsk45wjOH8vZ6PdFyVWMAs0Grw5RAo+zvxrDvOk0 root@ubuntu-bionic (DSA)
<14>Apr  4 22:32:15 cloud-init: 256 SHA256:hS9rPmU6D6IlvH/GY2PC1Q8aF+h+VMFKcEkB0BKD4XI root@ubuntu-bionic (ECDSA)
<14>Apr  4 22:32:15 cloud-init: 256 SHA256:lciZyPG61uwIIEma6r28hGlahXCwoEfXvOpQ3Ybnx2E root@ubuntu-bionic (ED25519)
<14>Apr  4 22:32:15 cloud-init: 2048 SHA256:E5MMBDMCGFZybRsfnJgBa+YXvbUSJfYq3Vf+6Ybh17I root@ubuntu-bionic (RSA)
<14>Apr  4 22:32:15 cloud-init: -----END SSH HOST KEY FINGERPRINTS-----
<14>Apr  4 22:32:15 cloud-init: #############################################################
-----BEGIN SSH HOST KEY KEYS-----
ecdsa-sha2-nistp256 AAAAE2VjZHNhLXNoYTItbmlzdHAyNTYAAAAIbmlzdHAyNTYAAABBBCQHW2XMJasiEMYQyTY8h9gyletAfxyVTv1TDSXAumy6FKQElpWfezflX/JdbhBCzgNfUoLc0jxT+z8Jso6kdCg= root@ubuntu-bionic
ssh-ed25519 AAAAC3NzaC1lZDI1NTE5AAAAII/pzHI+9rKyK7CJtNWxLaN1ZUJxpIAhwAKMU8Ny7ZYq root@ubuntu-bionic
ssh-rsa AAAAB3NzaC1yc2EAAAADAQABAAABAQCeKoGTDsaokLF3V5GNI2aRyeUzbL/1P4+o7fKG0thrMfAcwxsMO+sFZoptW6VJnnMC1w3JWHbMEGi1P9/hy8Q9Gu4q5W/XarcUziTUoDHw+2qU7g4dekg8GYcpyVnrcFS1cy7RUGhs6Wnem3raB/7gkdnSONX2NEEXK+GD0b170EKoJZXNO1hnF1xB9JUrZ/CPlaZXtaBgQIhBzE4sdLGgwLKiC5HZUbcbVk9rAQbXeVz6oBnsQk3Em4itjXEDn+OPOlP4JpY5V3wxUJj4qhpmiTxVED6uw5tvCXPmnlcTaAborW9YJdD8Mz9qHHudC6cbpqc/B6EfgNnkICbj7krn root@ubuntu-bionic
-----END SSH HOST KEY KEYS-----
[   34.384742] cloud-init[1475]: Cloud-init v. 22.1-14-g2e17a0d6-0ubuntu1~18.04.3 running 'modules:final' at Mon, 04 Apr 2022 22:32:14 +0000. Up 34.14 seconds.
[   34.386069] cloud-init[1475]: Cloud-init v. 22.1-14-g2e17a0d6-0ubuntu1~18.04.3 finished at Mon, 04 Apr 2022 22:32:15 +0000. Datasource DataSourceNoCloud [seed=/dev/sdb][dsmode=net].  Up 34.37 seconds
